signature: <$VBT TIGERLAKE      >
	version: 1.00
	VBT size: 0x21c0
	VBT checksum: 0xe0
	BDB version: 2.44
	BDB size: 0x218f
	section type 254, size 0xea
		type: 0
		relstage: 64
		chipset: 1
		LVDS
		No TV
		rsvd3[0]: 0x19
		rsvd3[1]: 0xc
		rsvd3[2]: 0x31
		rsvd3[3]: 0x30
		Signon: 01Intel(R) Mobile/Desktop PCI Accelerated SVGA BIOS
Build Number: 1000 PC 14.34  27/03/2015 10:16:59
DECOMPILATION OR DISASSEMBLY PROHIBITED

		Copyright: 
		Code segment: a
		DOS Boot mode: 0
		Bandwidth percent: c0
		Bandwidth percent: 8
		rsvd5: 0x4
	section type 1, size 0x6
	General features:
		panel_fitting = 0x3
		flexaim = 0x1
		msg_enable = 0x1
		*enable_ssc = 0x0
		*ssc_freq = 0x0
		*display_clock_mode = 0x1
		rsvd8 = 0x1
		disable_smooth_vision = 0x0
		*fdi_rx_polarity_inverted = 0x0
		legacy_monitor_detect = 0x1
		*int_crt_support = 0x0
		*int_tv_support = 0x0
	section type 253, size 0x42
	section type 2, size 0x164
		*CRT DDC GMBUS pin: 2
		DPMS ACPI: 0
		Skip boot CRT detect: 0
		DPMS aim: 1
		boot_display: { 0, 0 }
		child_dev_size: 39
		10 devices
		*device type: 0 	(Empty)
		*device type: 0 	(Empty)
		*device type: 0 	(Empty)
		*device type: c2 	(Unknown)
		*dvo_port: 0
		*i2c_pin: 0
		*slave_addr: 40
		*ddc_pin: 0
		*dvo_wiring: 10
		edid_ptr: 0
		*device type: 0 	(Empty)
		*device type: 0 	(Empty)
		*device type: 1010 	(Unknown)
		*dvo_port: 5
		*i2c_pin: 0
		*slave_addr: 0
		*ddc_pin: 0
		*dvo_wiring: 0
		edid_ptr: c0
		*device type: 200 	(Unknown)
		*dvo_port: 0
		*i2c_pin: 0
		*slave_addr: 0
		*ddc_pin: d
		*dvo_wiring: 60
		edid_ptr: 0
		*device type: 300 	(Unknown)
		*dvo_port: 0
		*i2c_pin: 6c
		*slave_addr: 21
		*ddc_pin: 10
		*dvo_wiring: 0
		edid_ptr: 0
		*device type: 2001 	(Unknown)
		*dvo_port: 1
		*i2c_pin: 0
		*slave_addr: 0
		*ddc_pin: 0
		*dvo_wiring: 0
		edid_ptr: 1010
	section type 252, size 0x7a
	section type 9, size 0x64
	section type 10, size 0xcb
	section type 12, size 0x13
		*LVDS config: 3
		*Dual frequency: 1
	section type 20, size 0xaa
	section type 27, size 0x32c
	section type 40, size 0x22
	section type 42, size 0x554
	section type 43, size 0x131
	section type 44, size 0x3a
	section type 46, size 0x130
	section type 51, size 0x9
	section type 52, size 0x336
	section type 56, size 0xd2
	section type 57, size 0xa52
	section type 58, size 0x2a2